E:\ASAB\VacSol-AI\ESKAPE\Real_time_server\vacsol_ai\vacsol_ai\views.py changed, reloading.
Watching for file changes with StatReloader
E:\ASAB\VacSol-AI\ESKAPE\Real_time_server\vacsol_ai\vacsol_ai\views.py changed, reloading.
Watching for file changes with StatReloader
E:\ASAB\VacSol-AI\ESKAPE\Real_time_server\vacsol_ai\vacsol_ai\views.py changed, reloading.
Watching for file changes with StatReloader
E:\ASAB\VacSol-AI\ESKAPE\Real_time_server\vacsol_ai\vacsol_ai\views.py changed, reloading.
Watching for file changes with StatReloader



Step 1: Sequence NP_250397.1 uploaded successfully
Starting new HTTP connection (1): tools-cluster-interface.iedb.org:80
Internal Server Error: /upload/
E:\ASAB\VacSol-AI\ESKAPE\Real_time_server\vacsol_ai\vacsol_ai\views.py changed, reloading.
Watching for file changes with StatReloader
E:\ASAB\VacSol-AI\ESKAPE\Real_time_server\vacsol_ai\vacsol_ai\views.py changed, reloading.
Watching for file changes with StatReloader
E:\ASAB\VacSol-AI\ESKAPE\Real_time_server\vacsol_ai\vacsol_ai\views.py changed, reloading.
Watching for file changes with StatReloader
E:\ASAB\VacSol-AI\ESKAPE\Real_time_server\vacsol_ai\vacsol_ai\views.py changed, reloading.
Watching for file changes with StatReloader
E:\ASAB\VacSol-AI\ESKAPE\Real_time_server\vacsol_ai\vacsol_ai\views.py changed, reloading.
Watching for file changes with StatReloader


Step 1: Sequence NP_250397.1 uploaded successfully
Starting new HTTP connection (1): tools-cluster-interface.iedb.org:80
http://tools-cluster-interface.iedb.org:80 "POST /tools_api/mhci/ HTTP/1.1" 200 None
Starting new HTTP connection (1): tools-cluster-interface.iedb.org:80
http://tools-cluster-interface.iedb.org:80 "POST /tools_api/mhci/ HTTP/1.1" 200 None
Starting new HTTP connection (1): tools-cluster-interface.iedb.org:80
http://tools-cluster-interface.iedb.org:80 "POST /tools_api/mhcii/ HTTP/1.1" 200 None
Starting new HTTP connection (1): tools-cluster-interface.iedb.org:80
http://tools-cluster-interface.iedb.org:80 "POST /tools_api/mhcii/ HTTP/1.1" 200 None
Starting new HTTP connection (1): tools-cluster-interface.iedb.org:80
http://tools-cluster-interface.iedb.org:80 "POST /tools_api/bcell/ HTTP/1.1" 200 None



Step 2: Epitope Analysis Completed
Starting new HTTP connection (1): tools-cluster-interface.iedb.org:80
http://tools-cluster-interface.iedb.org:80 "POST /tools_api/bcell/ HTTP/1.1" 200 None




Step 3: Adhesion Probability Analysis Completed
Starting new HTTP connection (1): tools-cluster-interface.iedb.org:80
http://tools-cluster-interface.iedb.org:80 "POST /tools_api/bcell/ HTTP/1.1" 200 None





Step 4: Antigenicity Prediction Completed






Step 5: Physicochemical Analysis completed







Step 6: Signal Peptide Analysis Completed








Step 7: Creating Dataset









Step 8: Dataset Created Successfully
E:\ASAB\VacSol-AI\ESKAPE\Real_time_server\vacsol_ai\vacsol_ai\views.py changed, reloading.
Watching for file changes with StatReloader

Step 1: Sequence NP_250397.1 uploaded successfully
Starting new HTTP connection (1): tools-cluster-interface.iedb.org:80
http://tools-cluster-interface.iedb.org:80 "POST /tools_api/mhci/ HTTP/1.1" 200 None
Starting new HTTP connection (1): tools-cluster-interface.iedb.org:80
http://tools-cluster-interface.iedb.org:80 "POST /tools_api/mhci/ HTTP/1.1" 200 None
Starting new HTTP connection (1): tools-cluster-interface.iedb.org:80
http://tools-cluster-interface.iedb.org:80 "POST /tools_api/mhcii/ HTTP/1.1" 200 None
Starting new HTTP connection (1): tools-cluster-interface.iedb.org:80
http://tools-cluster-interface.iedb.org:80 "POST /tools_api/mhcii/ HTTP/1.1" 200 None
Starting new HTTP connection (1): tools-cluster-interface.iedb.org:80
http://tools-cluster-interface.iedb.org:80 "POST /tools_api/bcell/ HTTP/1.1" 200 None


Step 2: Epitope Analysis Completed
Starting new HTTP connection (1): tools-cluster-interface.iedb.org:80
http://tools-cluster-interface.iedb.org:80 "POST /tools_api/bcell/ HTTP/1.1" 200 None



Step 3: Adhesion Probability Analysis Completed
Starting new HTTP connection (1): tools-cluster-interface.iedb.org:80
http://tools-cluster-interface.iedb.org:80 "POST /tools_api/bcell/ HTTP/1.1" 200 None




Step 4: Antigenicity Prediction Completed





Step 5: Physicochemical Analysis completed






Step 6: Signal Peptide Analysis Completed







Step 7: Creating Dataset








Step 8: Dataset Created Successfully
E:\ASAB\VacSol-AI\ESKAPE\Real_time_server\vacsol_ai\vacsol_ai\views.py changed, reloading.
Watching for file changes with StatReloader
E:\ASAB\VacSol-AI\ESKAPE\Real_time_server\vacsol_ai\vacsol_ai\views.py changed, reloading.
Watching for file changes with StatReloader
E:\ASAB\VacSol-AI\ESKAPE\Real_time_server\vacsol_ai\vacsol_ai\views.py changed, reloading.
Watching for file changes with StatReloader
E:\ASAB\VacSol-AI\ESKAPE\Real_time_server\vacsol_ai\vacsol_ai\views.py changed, reloading.
Watching for file changes with StatReloader
E:\ASAB\VacSol-AI\ESKAPE\Real_time_server\vacsol_ai\vacsol_ai\urls.py changed, reloading.
Watching for file changes with StatReloader



Step 1: Sequence NP_250397.1 uploaded successfully
Starting new HTTP connection (1): tools-cluster-interface.iedb.org:80
http://tools-cluster-interface.iedb.org:80 "POST /tools_api/mhci/ HTTP/1.1" 200 None
Starting new HTTP connection (1): tools-cluster-interface.iedb.org:80
http://tools-cluster-interface.iedb.org:80 "POST /tools_api/mhci/ HTTP/1.1" 200 None
Starting new HTTP connection (1): tools-cluster-interface.iedb.org:80
http://tools-cluster-interface.iedb.org:80 "POST /tools_api/mhcii/ HTTP/1.1" 200 None
Starting new HTTP connection (1): tools-cluster-interface.iedb.org:80
http://tools-cluster-interface.iedb.org:80 "POST /tools_api/mhcii/ HTTP/1.1" 200 None
Starting new HTTP connection (1): tools-cluster-interface.iedb.org:80
http://tools-cluster-interface.iedb.org:80 "POST /tools_api/bcell/ HTTP/1.1" 200 None






Step 2: Epitope Analysis Completed
Starting new HTTP connection (1): tools-cluster-interface.iedb.org:80
http://tools-cluster-interface.iedb.org:80 "POST /tools_api/bcell/ HTTP/1.1" 200 None







Step 3: Adhesion Probability Analysis Completed
Starting new HTTP connection (1): tools-cluster-interface.iedb.org:80
http://tools-cluster-interface.iedb.org:80 "POST /tools_api/bcell/ HTTP/1.1" 200 None








Step 4: Antigenicity Prediction Completed









Step 5: Physicochemical Analysis completed












Step 6: Signal Peptide Analysis Completed













Step 7: Creating Dataset














Step 8: Dataset Created Successfully
E:\ASAB\VacSol-AI\ESKAPE\Real_time_server\vacsol_ai\vacsol_ai\urls.py changed, reloading.
Watching for file changes with StatReloader
E:\ASAB\VacSol-AI\ESKAPE\Real_time_server\vacsol_ai\vacsol_ai\views.py changed, reloading.
Watching for file changes with StatReloader


Step 1: Sequence NP_250397.1 uploaded successfully
Starting new HTTP connection (1): tools-cluster-interface.iedb.org:80
http://tools-cluster-interface.iedb.org:80 "POST /tools_api/mhci/ HTTP/1.1" 200 None
Starting new HTTP connection (1): tools-cluster-interface.iedb.org:80
http://tools-cluster-interface.iedb.org:80 "POST /tools_api/mhci/ HTTP/1.1" 200 None
Starting new HTTP connection (1): tools-cluster-interface.iedb.org:80
http://tools-cluster-interface.iedb.org:80 "POST /tools_api/mhcii/ HTTP/1.1" 200 None
Starting new HTTP connection (1): tools-cluster-interface.iedb.org:80
http://tools-cluster-interface.iedb.org:80 "POST /tools_api/mhcii/ HTTP/1.1" 200 None
Starting new HTTP connection (1): tools-cluster-interface.iedb.org:80
http://tools-cluster-interface.iedb.org:80 "POST /tools_api/bcell/ HTTP/1.1" 200 None




Step 2: Epitope Analysis Completed
Starting new HTTP connection (1): tools-cluster-interface.iedb.org:80
http://tools-cluster-interface.iedb.org:80 "POST /tools_api/bcell/ HTTP/1.1" 200 None




Step 3: Adhesion Probability Analysis Completed
Starting new HTTP connection (1): tools-cluster-interface.iedb.org:80
http://tools-cluster-interface.iedb.org:80 "POST /tools_api/bcell/ HTTP/1.1" 200 None





Step 4: Antigenicity Prediction Completed





Step 5: Physicochemical Analysis completed
Watching for file changes with StatReloader



Step 1: Sequence NP_250397.1 uploaded successfully
Starting new HTTP connection (1): tools-cluster-interface.iedb.org:80
http://tools-cluster-interface.iedb.org:80 "POST /tools_api/mhci/ HTTP/1.1" 200 None
Starting new HTTP connection (1): tools-cluster-interface.iedb.org:80
http://tools-cluster-interface.iedb.org:80 "POST /tools_api/mhci/ HTTP/1.1" 200 None
Starting new HTTP connection (1): tools-cluster-interface.iedb.org:80
http://tools-cluster-interface.iedb.org:80 "POST /tools_api/mhcii/ HTTP/1.1" 200 None
Starting new HTTP connection (1): tools-cluster-interface.iedb.org:80
http://tools-cluster-interface.iedb.org:80 "POST /tools_api/mhcii/ HTTP/1.1" 200 None
Starting new HTTP connection (1): tools-cluster-interface.iedb.org:80
http://tools-cluster-interface.iedb.org:80 "POST /tools_api/bcell/ HTTP/1.1" 200 None





Step 2: Epitope Analysis Completed
Starting new HTTP connection (1): tools-cluster-interface.iedb.org:80
http://tools-cluster-interface.iedb.org:80 "POST /tools_api/bcell/ HTTP/1.1" 200 None





Step 3: Adhesion Probability Analysis Completed
Starting new HTTP connection (1): tools-cluster-interface.iedb.org:80
http://tools-cluster-interface.iedb.org:80 "POST /tools_api/bcell/ HTTP/1.1" 200 None





Step 4: Antigenicity Prediction Completed





Step 5: Physicochemical Analysis completed
Watching for file changes with StatReloader

Step 1: Sequence NP_250397.1 uploaded successfully
Starting new HTTP connection (1): tools-cluster-interface.iedb.org:80
http://tools-cluster-interface.iedb.org:80 "POST /tools_api/mhci/ HTTP/1.1" 200 None
Starting new HTTP connection (1): tools-cluster-interface.iedb.org:80
http://tools-cluster-interface.iedb.org:80 "POST /tools_api/mhci/ HTTP/1.1" 200 None
Starting new HTTP connection (1): tools-cluster-interface.iedb.org:80
http://tools-cluster-interface.iedb.org:80 "POST /tools_api/mhcii/ HTTP/1.1" 200 None
Starting new HTTP connection (1): tools-cluster-interface.iedb.org:80
http://tools-cluster-interface.iedb.org:80 "POST /tools_api/mhcii/ HTTP/1.1" 200 None
Starting new HTTP connection (1): tools-cluster-interface.iedb.org:80
http://tools-cluster-interface.iedb.org:80 "POST /tools_api/bcell/ HTTP/1.1" 200 None

Step 2: Epitope Analysis Completed
Starting new HTTP connection (1): tools-cluster-interface.iedb.org:80
http://tools-cluster-interface.iedb.org:80 "POST /tools_api/bcell/ HTTP/1.1" 200 None

Step 3: Adhesion Probability Analysis Completed
Starting new HTTP connection (1): tools-cluster-interface.iedb.org:80
http://tools-cluster-interface.iedb.org:80 "POST /tools_api/bcell/ HTTP/1.1" 200 None

Step 4: Antigenicity Prediction Completed

Step 5: Physicochemical Analysis completed

Step 6: Signal Peptide Analysis Completed

Step 7: Creating Dataset

Step 8: Dataset Created Successfully
